<?xml version="1.0" encoding="UTF-8"?>
<!-- Generated by org.testng.reporters.JUnitXMLReporter -->
<testsuite hostname="Yvonnes-MBP" ignored="0" name="Command line test" tests="6" failures="0" timestamp="29 Mar 2018 13:35:46 GMT" time="106.922" errors="0">
  <testcase name="checkItemsInCart" time="5.721" classname="com.evevoni.qa.testcases.CartPageTest"/>
  <testcase name="verifyCorrectUserNameTest" time="0.045" classname="com.evevoni.qa.testcases.HomePageTest"/>
  <testcase name="accountRegistration" time="8.97" classname="com.evevoni.qa.testcases.MyAccountPageTest"/>
  <testcase name="accountRegistration" time="8.25" classname="com.evevoni.qa.testcases.MyAccountPageTest"/>
  <testcase name="accountRegistration" time="8.769" classname="com.evevoni.qa.testcases.MyAccountPageTest"/>
  <testcase name="accountLoginTest" time="2.152" classname="com.evevoni.qa.testcases.MyAccountPageTest"/>
</testsuite> <!-- Command line test -->
