<?xml version="1.0" encoding="UTF-8"?>
<testng-results skipped="0" failed="1" ignored="0" total="6" passed="5">
  <reporter-output>
  </reporter-output>
  <suite name="Command line suite" duration-ms="155822" started-at="2018-04-06T15:38:40Z" finished-at="2018-04-06T15:41:16Z">
    <groups>
    </groups>
    <test name="Command line test" duration-ms="155822" started-at="2018-04-06T15:38:40Z" finished-at="2018-04-06T15:41:16Z">
      <class name="com.evevoni.qa.testcases.HomePageTest">
        <test-method status="PASS" signature="setUp()[pri:0, instance:com.evevoni.qa.testcases.HomePageTest@5cc7c2a6]" name="setUp" is-config="true" duration-ms="14231" started-at="2018-04-06T16:39:25Z" finished-at="2018-04-06T16:39:39Z">
          <reporter-output>
          </reporter-output>
        </test-method> <!-- setUp -->
        <test-method status="FAIL" signature="verifyCorrectUserNameTest()[pri:1, instance:com.evevoni.qa.testcases.HomePageTest@5cc7c2a6]" name="verifyCorrectUserNameTest" duration-ms="21420" started-at="2018-04-06T16:39:39Z" finished-at="2018-04-06T16:40:00Z">
          <exception class="org.openqa.selenium.NoSuchElementException">
            <message>
              <![CDATA[no such element: Unable to locate element: {"method":"xpath","selector":"//div/p[1]/strong[1]"}
  (Session info: chrome=65.0.3325.181)
  (Driver info: chromedriver=2.37.544337 (8c0344a12e552148c185f7d5117db1f28d6c9e85),platform=Mac OS X 10.13.3 x86_64) (WARNING: The server did not provide any stacktrace information)
Command duration or timeout: 0 milliseconds
For documentation on this error, please visit: http://seleniumhq.org/exceptions/no_such_element.html
Build info: version: '3.5.3', revision: 'a88d25fe6b', time: '2017-08-29T12:42:44.417Z'
System info: host: 'Yvonnes-MBP', ip: '192.168.0.5', os.name: 'Mac OS X', os.arch: 'x86_64', os.version: '10.13.3', java.version: '1.8.0_161'
Driver info: org.openqa.selenium.chrome.ChromeDriver
Capabilities [{mobileEmulationEnabled=false, hasTouchScreen=false, platform=MAC, acceptSslCerts=false, acceptInsecureCerts=false, webStorageEnabled=true, browserName=chrome, takesScreenshot=true, javascriptEnabled=true, platformName=MAC, setWindowRect=true, unexpectedAlertBehaviour=, applicationCacheEnabled=false, rotatable=false, networkConnectionEnabled=false, chrome={chromedriverVersion=2.37.544337 (8c0344a12e552148c185f7d5117db1f28d6c9e85), userDataDir=/var/folders/90/hk54t8xs39q07xsrvbcv14hc0000gn/T/.org.chromium.Chromium.movRGn}, takesHeapSnapshot=true, pageLoadStrategy=normal, unhandledPromptBehavior=, databaseEnabled=false, handlesAlerts=true, version=65.0.3325.181, browserConnectionEnabled=false, nativeEvents=true, locationContextEnabled=true, cssSelectorsEnabled=true}]
Session ID: ff25a67344afa3bd4368fb913cfb827e
*** Element info: {Using=xpath, value=//div/p[1]/strong[1]}]]>
            </message>
            <full-stacktrace>
              <![CDATA[org.openqa.selenium.NoSuchElementException: no such element: Unable to locate element: {"method":"xpath","selector":"//div/p[1]/strong[1]"}
  (Session info: chrome=65.0.3325.181)
  (Driver info: chromedriver=2.37.544337 (8c0344a12e552148c185f7d5117db1f28d6c9e85),platform=Mac OS X 10.13.3 x86_64) (WARNING: The server did not provide any stacktrace information)
Command duration or timeout: 0 milliseconds
For documentation on this error, please visit: http://seleniumhq.org/exceptions/no_such_element.html
Build info: version: '3.5.3', revision: 'a88d25fe6b', time: '2017-08-29T12:42:44.417Z'
System info: host: 'Yvonnes-MBP', ip: '192.168.0.5', os.name: 'Mac OS X', os.arch: 'x86_64', os.version: '10.13.3', java.version: '1.8.0_161'
Driver info: org.openqa.selenium.chrome.ChromeDriver
Capabilities [{mobileEmulationEnabled=false, hasTouchScreen=false, platform=MAC, acceptSslCerts=false, acceptInsecureCerts=false, webStorageEnabled=true, browserName=chrome, takesScreenshot=true, javascriptEnabled=true, platformName=MAC, setWindowRect=true, unexpectedAlertBehaviour=, applicationCacheEnabled=false, rotatable=false, networkConnectionEnabled=false, chrome={chromedriverVersion=2.37.544337 (8c0344a12e552148c185f7d5117db1f28d6c9e85), userDataDir=/var/folders/90/hk54t8xs39q07xsrvbcv14hc0000gn/T/.org.chromium.Chromium.movRGn}, takesHeapSnapshot=true, pageLoadStrategy=normal, unhandledPromptBehavior=, databaseEnabled=false, handlesAlerts=true, version=65.0.3325.181, browserConnectionEnabled=false, nativeEvents=true, locationContextEnabled=true, cssSelectorsEnabled=true}]
Session ID: ff25a67344afa3bd4368fb913cfb827e
*** Element info: {Using=xpath, value=//div/p[1]/strong[1]}
	at sun.reflect.NativeConstructorAccessorImpl.newInstance0(Native Method)
	at sun.reflect.NativeConstructorAccessorImpl.newInstance(NativeConstructorAccessorImpl.java:62)
	at sun.reflect.DelegatingConstructorAccessorImpl.newInstance(DelegatingConstructorAccessorImpl.java:45)
	at java.lang.reflect.Constructor.newInstance(Constructor.java:423)
	at org.openqa.selenium.remote.ErrorHandler.createThrowable(ErrorHandler.java:215)
	at org.openqa.selenium.remote.ErrorHandler.throwIfResponseFailed(ErrorHandler.java:167)
	at org.openqa.selenium.remote.http.JsonHttpResponseCodec.reconstructValue(JsonHttpResponseCodec.java:40)
	at org.openqa.selenium.remote.http.AbstractHttpResponseCodec.decode(AbstractHttpResponseCodec.java:82)
	at org.openqa.selenium.remote.http.AbstractHttpResponseCodec.decode(AbstractHttpResponseCodec.java:45)
	at org.openqa.selenium.remote.HttpCommandExecutor.execute(HttpCommandExecutor.java:164)
	at org.openqa.selenium.remote.service.DriverCommandExecutor.execute(DriverCommandExecutor.java:82)
	at org.openqa.selenium.remote.RemoteWebDriver.execute(RemoteWebDriver.java:646)
	at org.openqa.selenium.remote.RemoteWebDriver.findElement(RemoteWebDriver.java:416)
	at org.openqa.selenium.remote.RemoteWebDriver.findElementByXPath(RemoteWebDriver.java:518)
	at org.openqa.selenium.By$ByXPath.findElement(By.java:361)
	at org.openqa.selenium.remote.RemoteWebDriver.findElement(RemoteWebDriver.java:408)
	at sun.reflect.NativeMethodAccessorImpl.invoke0(Native Method)
	at sun.reflect.NativeMethodAccessorImpl.invoke(NativeMethodAccessorImpl.java:62)
	at sun.reflect.DelegatingMethodAccessorImpl.invoke(DelegatingMethodAccessorImpl.java:43)
	at java.lang.reflect.Method.invoke(Method.java:498)
	at org.openqa.selenium.support.events.EventFiringWebDriver$2.invoke(EventFiringWebDriver.java:105)
	at com.sun.proxy.$Proxy6.findElement(Unknown Source)
	at org.openqa.selenium.support.events.EventFiringWebDriver.findElement(EventFiringWebDriver.java:189)
	at org.openqa.selenium.support.pagefactory.DefaultElementLocator.findElement(DefaultElementLocator.java:69)
	at org.openqa.selenium.support.pagefactory.internal.LocatingElementHandler.invoke(LocatingElementHandler.java:38)
	at com.sun.proxy.$Proxy10.isDisplayed(Unknown Source)
	at com.evevoni.qa.pages.HomePage.verifyCorrectUserName(HomePage.java:71)
	at com.evevoni.qa.testcases.HomePageTest.verifyCorrectUserNameTest(HomePageTest.java:90)
	at sun.reflect.NativeMethodAccessorImpl.invoke0(Native Method)
	at sun.reflect.NativeMethodAccessorImpl.invoke(NativeMethodAccessorImpl.java:62)
	at sun.reflect.DelegatingMethodAccessorImpl.invoke(DelegatingMethodAccessorImpl.java:43)
	at java.lang.reflect.Method.invoke(Method.java:498)
	at org.testng.internal.MethodInvocationHelper.invokeMethod(MethodInvocationHelper.java:108)
	at org.testng.internal.Invoker.invokeMethod(Invoker.java:661)
	at org.testng.internal.Invoker.invokeTestMethod(Invoker.java:869)
	at org.testng.internal.Invoker.invokeTestMethods(Invoker.java:1193)
	at org.testng.internal.TestMethodWorker.invokeTestMethods(TestMethodWorker.java:126)
	at org.testng.internal.TestMethodWorker.run(TestMethodWorker.java:109)
	at org.testng.TestRunner.privateRun(TestRunner.java:744)
	at org.testng.TestRunner.run(TestRunner.java:602)
	at org.testng.SuiteRunner.runTest(SuiteRunner.java:380)
	at org.testng.SuiteRunner.runSequentially(SuiteRunner.java:375)
	at org.testng.SuiteRunner.privateRun(SuiteRunner.java:340)
	at org.testng.SuiteRunner.run(SuiteRunner.java:289)
	at org.testng.SuiteRunnerWorker.runSuite(SuiteRunnerWorker.java:52)
	at org.testng.SuiteRunnerWorker.run(SuiteRunnerWorker.java:86)
	at org.testng.TestNG.runSuitesSequentially(TestNG.java:1301)
	at org.testng.TestNG.runSuitesLocally(TestNG.java:1226)
	at org.testng.TestNG.runSuites(TestNG.java:1144)
	at org.testng.TestNG.run(TestNG.java:1115)
	at org.apache.maven.surefire.testng.TestNGExecutor.run(TestNGExecutor.java:77)
	at org.apache.maven.surefire.testng.TestNGDirectoryTestSuite.executeMulti(TestNGDirectoryTestSuite.java:159)
	at org.apache.maven.surefire.testng.TestNGDirectoryTestSuite.execute(TestNGDirectoryTestSuite.java:99)
	at org.apache.maven.surefire.testng.TestNGProvider.invoke(TestNGProvider.java:106)
	at sun.reflect.NativeMethodAccessorImpl.invoke0(Native Method)
	at sun.reflect.NativeMethodAccessorImpl.invoke(NativeMethodAccessorImpl.java:62)
	at sun.reflect.DelegatingMethodAccessorImpl.invoke(DelegatingMethodAccessorImpl.java:43)
	at java.lang.reflect.Method.invoke(Method.java:498)
	at org.apache.maven.surefire.util.ReflectionUtils.invokeMethodWithArray(ReflectionUtils.java:189)
	at org.apache.maven.surefire.booter.ProviderFactory$ProviderProxy.invoke(ProviderFactory.java:165)
	at org.apache.maven.surefire.booter.ProviderFactory.invokeProvider(ProviderFactory.java:85)
	at org.apache.maven.surefire.booter.ForkedBooter.runSuitesInProcess(ForkedBooter.java:115)
	at org.apache.maven.surefire.booter.ForkedBooter.main(ForkedBooter.java:75)
]]>
            </full-stacktrace>
          </exception> <!-- org.openqa.selenium.NoSuchElementException -->
          <reporter-output>
          </reporter-output>
        </test-method> <!-- verifyCorrectUserNameTest -->
        <test-method status="PASS" signature="tearDown()[pri:0, instance:com.evevoni.qa.testcases.HomePageTest@5cc7c2a6]" name="tearDown" is-config="true" duration-ms="206" started-at="2018-04-06T16:40:00Z" finished-at="2018-04-06T16:40:00Z">
          <reporter-output>
          </reporter-output>
        </test-method> <!-- tearDown -->
      </class> <!-- com.evevoni.qa.testcases.HomePageTest -->
      <class name="com.evevoni.qa.testcases.MyAccountPageTest">
        <test-method status="PASS" signature="setUp()[pri:0, instance:com.evevoni.qa.testcases.MyAccountPageTest@b97c004]" name="setUp" is-config="true" duration-ms="12721" started-at="2018-04-06T16:40:01Z" finished-at="2018-04-06T16:40:13Z">
          <reporter-output>
          </reporter-output>
        </test-method> <!-- setUp -->
        <test-method status="PASS" signature="accountRegistration(java.lang.String, java.lang.String, java.lang.String, java.lang.String, java.lang.String, java.lang.String, java.lang.String, java.lang.String)[pri:1, instance:com.evevoni.qa.testcases.MyAccountPageTest@b97c004]" name="accountRegistration" duration-ms="6977" started-at="2018-04-06T16:40:13Z" data-provider="getEvevoniTestData" finished-at="2018-04-06T16:40:20Z">
          <params>
            <param index="0">
              <value>
                <![CDATA[gab234@gmail.com]]>
              </value>
            </param>
            <param index="1">
              <value>
                <![CDATA[gab234@gmail.com]]>
              </value>
            </param>
            <param index="2">
              <value>
                <![CDATA[Gab]]>
              </value>
            </param>
            <param index="3">
              <value>
                <![CDATA[White]]>
              </value>
            </param>
            <param index="4">
              <value>
                <![CDATA[GB]]>
              </value>
            </param>
            <param index="5">
              <value>
                <![CDATA[London]]>
              </value>
            </param>
            <param index="6">
              <value>
                <![CDATA[WE3 9YH]]>
              </value>
            </param>
            <param index="7">
              <value>
                <![CDATA[07543234337]]>
              </value>
            </param>
          </params>
          <reporter-output>
          </reporter-output>
        </test-method> <!-- accountRegistration -->
        <test-method status="PASS" signature="tearDown()[pri:0, instance:com.evevoni.qa.testcases.MyAccountPageTest@b97c004]" name="tearDown" is-config="true" duration-ms="231" started-at="2018-04-06T16:40:20Z" finished-at="2018-04-06T16:40:21Z">
          <reporter-output>
          </reporter-output>
        </test-method> <!-- tearDown -->
        <test-method status="PASS" signature="setUp()[pri:0, instance:com.evevoni.qa.testcases.MyAccountPageTest@b97c004]" name="setUp" is-config="true" duration-ms="11803" started-at="2018-04-06T16:40:21Z" finished-at="2018-04-06T16:40:32Z">
          <reporter-output>
          </reporter-output>
        </test-method> <!-- setUp -->
        <test-method status="PASS" signature="accountRegistration(java.lang.String, java.lang.String, java.lang.String, java.lang.String, java.lang.String, java.lang.String, java.lang.String, java.lang.String)[pri:1, instance:com.evevoni.qa.testcases.MyAccountPageTest@b97c004]" name="accountRegistration" duration-ms="8431" started-at="2018-04-06T16:40:32Z" data-provider="getEvevoniTestData" finished-at="2018-04-06T16:40:41Z">
          <params>
            <param index="0">
              <value>
                <![CDATA[vivin234@gmail.com]]>
              </value>
            </param>
            <param index="1">
              <value>
                <![CDATA[vivin234@gmail.com]]>
              </value>
            </param>
            <param index="2">
              <value>
                <![CDATA[Vivin]]>
              </value>
            </param>
            <param index="3">
              <value>
                <![CDATA[Brown]]>
              </value>
            </param>
            <param index="4">
              <value>
                <![CDATA[US]]>
              </value>
            </param>
            <param index="5">
              <value>
                <![CDATA[New York]]>
              </value>
            </param>
            <param index="6">
              <value>
                <![CDATA[10005]]>
              </value>
            </param>
            <param index="7">
              <value>
                <![CDATA[0051698435638]]>
              </value>
            </param>
          </params>
          <reporter-output>
          </reporter-output>
        </test-method> <!-- accountRegistration -->
        <test-method status="PASS" signature="tearDown()[pri:0, instance:com.evevoni.qa.testcases.MyAccountPageTest@b97c004]" name="tearDown" is-config="true" duration-ms="171" started-at="2018-04-06T16:40:41Z" finished-at="2018-04-06T16:40:41Z">
          <reporter-output>
          </reporter-output>
        </test-method> <!-- tearDown -->
        <test-method status="PASS" signature="setUp()[pri:0, instance:com.evevoni.qa.testcases.MyAccountPageTest@b97c004]" name="setUp" is-config="true" duration-ms="12295" started-at="2018-04-06T16:40:41Z" finished-at="2018-04-06T16:40:53Z">
          <reporter-output>
          </reporter-output>
        </test-method> <!-- setUp -->
        <test-method status="PASS" signature="accountRegistration(java.lang.String, java.lang.String, java.lang.String, java.lang.String, java.lang.String, java.lang.String, java.lang.String, java.lang.String)[pri:1, instance:com.evevoni.qa.testcases.MyAccountPageTest@b97c004]" name="accountRegistration" duration-ms="8679" started-at="2018-04-06T16:40:53Z" data-provider="getEvevoniTestData" finished-at="2018-04-06T16:41:02Z">
          <params>
            <param index="0">
              <value>
                <![CDATA[peter234@gmail.com]]>
              </value>
            </param>
            <param index="1">
              <value>
                <![CDATA[peter234@gmail.com]]>
              </value>
            </param>
            <param index="2">
              <value>
                <![CDATA[Peter]]>
              </value>
            </param>
            <param index="3">
              <value>
                <![CDATA[Yellow]]>
              </value>
            </param>
            <param index="4">
              <value>
                <![CDATA[TR]]>
              </value>
            </param>
            <param index="5">
              <value>
                <![CDATA[Turkey]]>
              </value>
            </param>
            <param index="6">
              <value>
                <![CDATA[TKCA 1ZZ]]>
              </value>
            </param>
            <param index="7">
              <value>
                <![CDATA[4443267]]>
              </value>
            </param>
          </params>
          <reporter-output>
          </reporter-output>
        </test-method> <!-- accountRegistration -->
        <test-method status="PASS" signature="tearDown()[pri:0, instance:com.evevoni.qa.testcases.MyAccountPageTest@b97c004]" name="tearDown" is-config="true" duration-ms="238" started-at="2018-04-06T16:41:02Z" finished-at="2018-04-06T16:41:02Z">
          <reporter-output>
          </reporter-output>
        </test-method> <!-- tearDown -->
        <test-method status="PASS" signature="setUp()[pri:0, instance:com.evevoni.qa.testcases.MyAccountPageTest@b97c004]" name="setUp" is-config="true" duration-ms="11468" started-at="2018-04-06T16:41:02Z" finished-at="2018-04-06T16:41:14Z">
          <reporter-output>
          </reporter-output>
        </test-method> <!-- setUp -->
        <test-method status="PASS" signature="accountLoginTest()[pri:2, instance:com.evevoni.qa.testcases.MyAccountPageTest@b97c004]" name="accountLoginTest" duration-ms="2253" started-at="2018-04-06T16:41:14Z" finished-at="2018-04-06T16:41:16Z">
          <reporter-output>
          </reporter-output>
        </test-method> <!-- accountLoginTest -->
        <test-method status="PASS" signature="tearDown()[pri:0, instance:com.evevoni.qa.testcases.MyAccountPageTest@b97c004]" name="tearDown" is-config="true" duration-ms="244" started-at="2018-04-06T16:41:16Z" finished-at="2018-04-06T16:41:16Z">
          <reporter-output>
          </reporter-output>
        </test-method> <!-- tearDown -->
      </class> <!-- com.evevoni.qa.testcases.MyAccountPageTest -->
      <class name="com.evevoni.qa.testcases.CartPageTest">
        <test-method status="PASS" signature="setUp()[pri:0, instance:com.evevoni.qa.testcases.CartPageTest@3c09711b]" name="setUp" is-config="true" duration-ms="37673" started-at="2018-04-06T16:38:40Z" finished-at="2018-04-06T16:39:18Z">
          <reporter-output>
          </reporter-output>
        </test-method> <!-- setUp -->
        <test-method status="PASS" signature="checkItemsInCart()[pri:1, instance:com.evevoni.qa.testcases.CartPageTest@3c09711b]" name="checkItemsInCart" duration-ms="6246" started-at="2018-04-06T16:39:18Z" finished-at="2018-04-06T16:39:24Z">
          <reporter-output>
          </reporter-output>
        </test-method> <!-- checkItemsInCart -->
        <test-method status="PASS" signature="tearDown()[pri:0, instance:com.evevoni.qa.testcases.CartPageTest@3c09711b]" name="tearDown" is-config="true" duration-ms="262" started-at="2018-04-06T16:39:24Z" finished-at="2018-04-06T16:39:25Z">
          <reporter-output>
          </reporter-output>
        </test-method> <!-- tearDown -->
      </class> <!-- com.evevoni.qa.testcases.CartPageTest -->
    </test> <!-- Command line test -->
  </suite> <!-- Command line suite -->
</testng-results>
