<?xml version="1.0" encoding="UTF-8" ?>
<testsuite tests="6" failures="0" name="TestSuite" time="33.907" errors="0" skipped="0">
  <properties>
[...]
</properties>
  <testcase classname="com.evevoni.qa.testcases.CartPageTest" name="checkItemsInCart" time="5.722"/>
  <testcase classname="com.evevoni.qa.testcases.HomePageTest" name="verifyCorrectUserNameTest" time="0.045"/>
  <testcase classname="com.evevoni.qa.testcases.MyAccountPageTest" name="accountRegistration" time="8.97"/>
  <testcase classname="com.evevoni.qa.testcases.MyAccountPageTest" name="accountRegistration" time="8.25"/>
  <testcase classname="com.evevoni.qa.testcases.MyAccountPageTest" name="accountRegistration" time="8.769"/>
  <testcase classname="com.evevoni.qa.testcases.MyAccountPageTest" name="accountLoginTest" time="2.151"/>
</testsuite>