<?xml version="1.0" encoding="UTF-8" ?>
<testsuite tests="6" failures="1" name="TestSuite" time="54.012" errors="0" skipped="0">
  <properties>
[...]
</properties>
  <testcase classname="com.evevoni.qa.testcases.CartPageTest" name="checkItemsInCart" time="6.247"/>
  <testcase classname="com.evevoni.qa.testcases.HomePageTest" name="verifyCorrectUserNameTest" time="21.426">
    <failure message="no such element: Unable to locate element: {&quot;method&quot;:&quot;xpath&quot;,&quot;selector&quot;:&quot;//div/p[1]/strong[1]&quot;}
  (Session info: chrome=65.0.3325.181)
  (Driver info: chromedriver=2.37.544337 (8c0344a12e552148c185f7d5117db1f28d6c9e85),platform=Mac OS X 10.13.3 x86_64) (WARNING: The server did not provide any stacktrace information)
Command duration or timeout: 0 milliseconds
For documentation on this error, please visit: http://seleniumhq.org/exceptions/no_such_element.html
Build info: version: &apos;3.5.3&apos;, revision: &apos;a88d25fe6b&apos;, time: &apos;2017-08-29T12:42:44.417Z&apos;
System info: host: &apos;Yvonnes-MBP&apos;, ip: &apos;192.168.0.5&apos;, os.name: &apos;Mac OS X&apos;, os.arch: &apos;x86_64&apos;, os.version: &apos;10.13.3&apos;, java.version: &apos;1.8.0_161&apos;
Driver info: org.openqa.selenium.chrome.ChromeDriver
Capabilities [{mobileEmulationEnabled=false, hasTouchScreen=false, platform=MAC, acceptSslCerts=false, acceptInsecureCerts=false, webStorageEnabled=true, browserName=chrome, takesScreenshot=true, javascriptEnabled=true, platformName=MAC, setWindowRect=true, unexpectedAlertBehaviour=, applicationCacheEnabled=false, rotatable=false, networkConnectionEnabled=false, chrome={chromedriverVersion=2.37.544337 (8c0344a12e552148c185f7d5117db1f28d6c9e85), userDataDir=/var/folders/90/hk54t8xs39q07xsrvbcv14hc0000gn/T/.org.chromium.Chromium.movRGn}, takesHeapSnapshot=true, pageLoadStrategy=normal, unhandledPromptBehavior=, databaseEnabled=false, handlesAlerts=true, version=65.0.3325.181, browserConnectionEnabled=false, nativeEvents=true, locationContextEnabled=true, cssSelectorsEnabled=true}]
Session ID: ff25a67344afa3bd4368fb913cfb827e
*** Element info: {Using=xpath, value=//div/p[1]/strong[1]}" type="org.openqa.selenium.NoSuchElementException">org.openqa.selenium.NoSuchElementException: no such element: Unable to locate element: {&quot;method&quot;:&quot;xpath&quot;,&quot;selector&quot;:&quot;//div/p[1]/strong[1]&quot;}
  (Session info: chrome=65.0.3325.181)
  (Driver info: chromedriver=2.37.544337 (8c0344a12e552148c185f7d5117db1f28d6c9e85),platform=Mac OS X 10.13.3 x86_64) (WARNING: The server did not provide any stacktrace information)
Command duration or timeout: 0 milliseconds
For documentation on this error, please visit: http://seleniumhq.org/exceptions/no_such_element.html
Build info: version: &apos;3.5.3&apos;, revision: &apos;a88d25fe6b&apos;, time: &apos;2017-08-29T12:42:44.417Z&apos;
System info: host: &apos;Yvonnes-MBP&apos;, ip: &apos;192.168.0.5&apos;, os.name: &apos;Mac OS X&apos;, os.arch: &apos;x86_64&apos;, os.version: &apos;10.13.3&apos;, java.version: &apos;1.8.0_161&apos;
Driver info: org.openqa.selenium.chrome.ChromeDriver
Capabilities [{mobileEmulationEnabled=false, hasTouchScreen=false, platform=MAC, acceptSslCerts=false, acceptInsecureCerts=false, webStorageEnabled=true, browserName=chrome, takesScreenshot=true, javascriptEnabled=true, platformName=MAC, setWindowRect=true, unexpectedAlertBehaviour=, applicationCacheEnabled=false, rotatable=false, networkConnectionEnabled=false, chrome={chromedriverVersion=2.37.544337 (8c0344a12e552148c185f7d5117db1f28d6c9e85), userDataDir=/var/folders/90/hk54t8xs39q07xsrvbcv14hc0000gn/T/.org.chromium.Chromium.movRGn}, takesHeapSnapshot=true, pageLoadStrategy=normal, unhandledPromptBehavior=, databaseEnabled=false, handlesAlerts=true, version=65.0.3325.181, browserConnectionEnabled=false, nativeEvents=true, locationContextEnabled=true, cssSelectorsEnabled=true}]
Session ID: ff25a67344afa3bd4368fb913cfb827e
*** Element info: {Using=xpath, value=//div/p[1]/strong[1]}
	at sun.reflect.NativeConstructorAccessorImpl.newInstance0(Native Method)
	at sun.reflect.NativeConstructorAccessorImpl.newInstance(NativeConstructorAccessorImpl.java:62)
	at sun.reflect.DelegatingConstructorAccessorImpl.newInstance(DelegatingConstructorAccessorImpl.java:45)
	at java.lang.reflect.Constructor.newInstance(Constructor.java:423)
	at org.openqa.selenium.remote.ErrorHandler.createThrowable(ErrorHandler.java:215)
	at org.openqa.selenium.remote.ErrorHandler.throwIfResponseFailed(ErrorHandler.java:167)
	at org.openqa.selenium.remote.http.JsonHttpResponseCodec.reconstructValue(JsonHttpResponseCodec.java:40)
	at org.openqa.selenium.remote.http.AbstractHttpResponseCodec.decode(AbstractHttpResponseCodec.java:82)
	at org.openqa.selenium.remote.http.AbstractHttpResponseCodec.decode(AbstractHttpResponseCodec.java:45)
	at org.openqa.selenium.remote.HttpCommandExecutor.execute(HttpCommandExecutor.java:164)
	at org.openqa.selenium.remote.service.DriverCommandExecutor.execute(DriverCommandExecutor.java:82)
	at org.openqa.selenium.remote.RemoteWebDriver.execute(RemoteWebDriver.java:646)
	at org.openqa.selenium.remote.RemoteWebDriver.findElement(RemoteWebDriver.java:416)
	at org.openqa.selenium.remote.RemoteWebDriver.findElementByXPath(RemoteWebDriver.java:518)
	at org.openqa.selenium.By$ByXPath.findElement(By.java:361)
	at org.openqa.selenium.remote.RemoteWebDriver.findElement(RemoteWebDriver.java:408)
	at sun.reflect.NativeMethodAccessorImpl.invoke0(Native Method)
	at sun.reflect.NativeMethodAccessorImpl.invoke(NativeMethodAccessorImpl.java:62)
	at sun.reflect.DelegatingMethodAccessorImpl.invoke(DelegatingMethodAccessorImpl.java:43)
	at java.lang.reflect.Method.invoke(Method.java:498)
	at org.openqa.selenium.support.events.EventFiringWebDriver$2.invoke(EventFiringWebDriver.java:105)
	at com.sun.proxy.$Proxy6.findElement(Unknown Source)
	at org.openqa.selenium.support.events.EventFiringWebDriver.findElement(EventFiringWebDriver.java:189)
	at org.openqa.selenium.support.pagefactory.DefaultElementLocator.findElement(DefaultElementLocator.java:69)
	at org.openqa.selenium.support.pagefactory.internal.LocatingElementHandler.invoke(LocatingElementHandler.java:38)
	at com.sun.proxy.$Proxy10.isDisplayed(Unknown Source)
	at com.evevoni.qa.pages.HomePage.verifyCorrectUserName(HomePage.java:71)
	at com.evevoni.qa.testcases.HomePageTest.verifyCorrectUserNameTest(HomePageTest.java:90)
</failure>
    <system-out>Before navigating to: &apos;https://www.evevoni.com&apos;
Navigated to:&apos;https://www.evevoni.com&apos;
Trying to find Element By : By.xpath: //a[@class=&apos;ppsPopupClose ppsPopupClose_close-black-in-white-circle&apos;]
Found Element By : By.xpath: //a[@class=&apos;ppsPopupClose ppsPopupClose_close-black-in-white-circle&apos;]
Trying to click on: [[ChromeDriver: chrome on MAC (ff25a67344afa3bd4368fb913cfb827e)] -&gt; xpath: //a[@class=&apos;ppsPopupClose ppsPopupClose_close-black-in-white-circle&apos;]]
Clicked on: [[ChromeDriver: chrome on MAC (ff25a67344afa3bd4368fb913cfb827e)] -&gt; xpath: //a[@class=&apos;ppsPopupClose ppsPopupClose_close-black-in-white-circle&apos;]]
Trying to find Element By : By.xpath: //a[contains(text(),&apos;My account&apos;)]
Found Element By : By.xpath: //a[contains(text(),&apos;My account&apos;)]
Trying to click on: [[ChromeDriver: chrome on MAC (ff25a67344afa3bd4368fb913cfb827e)] -&gt; xpath: //a[contains(text(),&apos;My account&apos;)]]
Clicked on: [[ChromeDriver: chrome on MAC (ff25a67344afa3bd4368fb913cfb827e)] -&gt; xpath: //a[contains(text(),&apos;My account&apos;)]]
My account – Evevoni
Trying to find Element By : By.xpath: //input[@id=&apos;username&apos;]
Found Element By : By.xpath: //input[@id=&apos;username&apos;]
Trying to find Element By : By.id: password
Found Element By : By.id: password
Trying to find Element By : By.name: login
Found Element By : By.name: login
Trying to find Element By : By.xpath: //div/p[1]/strong[1]
Exception occured: org.openqa.selenium.NoSuchElementException: no such element: Unable to locate element: {&quot;method&quot;:&quot;xpath&quot;,&quot;selector&quot;:&quot;//div/p[1]/strong[1]&quot;}
  (Session info: chrome=65.0.3325.181)
  (Driver info: chromedriver=2.37.544337 (8c0344a12e552148c185f7d5117db1f28d6c9e85),platform=Mac OS X 10.13.3 x86_64) (WARNING: The server did not provide any stacktrace information)
Command duration or timeout: 0 milliseconds
For documentation on this error, please visit: http://seleniumhq.org/exceptions/no_such_element.html
Build info: version: &apos;3.5.3&apos;, revision: &apos;a88d25fe6b&apos;, time: &apos;2017-08-29T12:42:44.417Z&apos;
System info: host: &apos;Yvonnes-MBP&apos;, ip: &apos;192.168.0.5&apos;, os.name: &apos;Mac OS X&apos;, os.arch: &apos;x86_64&apos;, os.version: &apos;10.13.3&apos;, java.version: &apos;1.8.0_161&apos;
Driver info: org.openqa.selenium.chrome.ChromeDriver
Capabilities [{mobileEmulationEnabled=false, hasTouchScreen=false, platform=MAC, acceptSslCerts=false, acceptInsecureCerts=false, webStorageEnabled=true, browserName=chrome, takesScreenshot=true, javascriptEnabled=true, platformName=MAC, setWindowRect=true, unexpectedAlertBehaviour=, applicationCacheEnabled=false, rotatable=false, networkConnectionEnabled=false, chrome={chromedriverVersion=2.37.544337 (8c0344a12e552148c185f7d5117db1f28d6c9e85), userDataDir=/var/folders/90/hk54t8xs39q07xsrvbcv14hc0000gn/T/.org.chromium.Chromium.movRGn}, takesHeapSnapshot=true, pageLoadStrategy=normal, unhandledPromptBehavior=, databaseEnabled=false, handlesAlerts=true, version=65.0.3325.181, browserConnectionEnabled=false, nativeEvents=true, locationContextEnabled=true, cssSelectorsEnabled=true}]
Session ID: ff25a67344afa3bd4368fb913cfb827e
*** Element info: {Using=xpath, value=//div/p[1]/strong[1]}
</system-out>
    <system-err>Starting ChromeDriver 2.37.544337 (8c0344a12e552148c185f7d5117db1f28d6c9e85) on port 1616
Only local connections are allowed.
Apr 06, 2018 4:39:26 PM org.openqa.selenium.remote.ProtocolHandshake createSession
INFO: Detected dialect: OSS
</system-err>
  </testcase>
  <testcase classname="com.evevoni.qa.testcases.MyAccountPageTest" name="accountRegistration" time="6.976"/>
  <testcase classname="com.evevoni.qa.testcases.MyAccountPageTest" name="accountRegistration" time="8.431"/>
  <testcase classname="com.evevoni.qa.testcases.MyAccountPageTest" name="accountRegistration" time="8.679"/>
  <testcase classname="com.evevoni.qa.testcases.MyAccountPageTest" name="accountLoginTest" time="2.253"/>
</testsuite>