<?xml version="1.0" encoding="UTF-8"?>
<!-- Generated by org.testng.reporters.JUnitXMLReporter -->
<testsuite hostname="Yvonnes-MBP" ignored="0" name="Evevoni App Test Cases" tests="5" failures="0" timestamp="28 Mar 2018 13:25:56 GMT" time="108.682" errors="0">
  <testcase name="verifyCorrectUserNameTest" time="0.078" classname="com.evevoni.qa.testcases.HomePageTest"/>
  <testcase name="accountRegistration" time="8.368" classname="com.evevoni.qa.testcases.MyAccountPageTest"/>
  <testcase name="accountRegistration" time="8.464" classname="com.evevoni.qa.testcases.MyAccountPageTest"/>
  <testcase name="accountRegistration" time="9.507" classname="com.evevoni.qa.testcases.MyAccountPageTest"/>
  <testcase name="accountLoginTest" time="3.003" classname="com.evevoni.qa.testcases.MyAccountPageTest"/>
</testsuite> <!-- Evevoni App Test Cases -->
