<?xml version="1.0" encoding="UTF-8"?>
<!-- Generated by org.testng.reporters.JUnitReportReporter -->
<testsuite skipped="0" hostname="Yvonnes-MBP" name="com.evevoni.qa.testcases.MyAccountPageTest" tests="4" failures="0" timestamp="09 Apr 2018 23:09:16 GMT" time="74.354" errors="0">
  <testcase name="accountRegistration" time="23.486" classname="com.evevoni.qa.testcases.MyAccountPageTest"/>
  <testcase name="accountRegistration" time="18.988" classname="com.evevoni.qa.testcases.MyAccountPageTest"/>
  <testcase name="accountRegistration" time="18.859" classname="com.evevoni.qa.testcases.MyAccountPageTest"/>
  <testcase name="accountLoginTest" time="13.021" classname="com.evevoni.qa.testcases.MyAccountPageTest"/>
</testsuite> <!-- com.evevoni.qa.testcases.MyAccountPageTest -->
