<?xml version="1.0" encoding="UTF-8"?>
<!-- Generated by org.testng.reporters.JUnitReportReporter -->
<testsuite skipped="0" hostname="Yvonnes-MBP" name="com.evevoni.qa.testcases.MyAccountPageTest" tests="4" failures="0" timestamp="29 Mar 2018 13:35:46 GMT" time="72.080" errors="0">
  <testcase name="accountRegistration" time="20.131" classname="com.evevoni.qa.testcases.MyAccountPageTest"/>
  <testcase name="accountRegistration" time="19.969" classname="com.evevoni.qa.testcases.MyAccountPageTest"/>
  <testcase name="accountRegistration" time="19.539" classname="com.evevoni.qa.testcases.MyAccountPageTest"/>
  <testcase name="accountLoginTest" time="12.441" classname="com.evevoni.qa.testcases.MyAccountPageTest"/>
</testsuite> <!-- com.evevoni.qa.testcases.MyAccountPageTest -->
