<?xml version="1.0" encoding="UTF-8"?>
<!-- Generated by org.testng.reporters.JUnitReportReporter -->
<testsuite skipped="0" hostname="Yvonnes-MBP" name="com.evevoni.qa.testcases.MyAccountPageTest" tests="4" failures="0" timestamp="06 Apr 2018 15:41:16 GMT" time="75.511" errors="0">
  <testcase name="accountRegistration" time="19.011" classname="com.evevoni.qa.testcases.MyAccountPageTest"/>
  <testcase name="accountRegistration" time="20.964" classname="com.evevoni.qa.testcases.MyAccountPageTest"/>
  <testcase name="accountRegistration" time="20.391" classname="com.evevoni.qa.testcases.MyAccountPageTest"/>
  <testcase name="accountLoginTest" time="15.145" classname="com.evevoni.qa.testcases.MyAccountPageTest"/>
</testsuite> <!-- com.evevoni.qa.testcases.MyAccountPageTest -->
